{
"contracts/interfaces/IUniswapV2Router02.sol":{"l":{},"path":"/root/okaswap/contracts/interfaces/IUniswapV2Router02.sol","s":{},"b":{},"f":{},"fnMap":{},"statementMap":{},"branchMap":{}},
"contracts/interfaces/IVerifyProofAggregation.sol":{"l":{},"path":"/root/okaswap/contracts/interfaces/IVerifyProofAggregation.sol","s":{},"b":{},"f":{},"fnMap":{},"statementMap":{},"branchMap":{}},
"contracts/mocks/MockProofVerifier.sol":{"l":{"17":0},"path":"/root/okaswap/contracts/mocks/MockProofVerifier.sol","s":{"1":0},"b":{},"f":{"1":0},"fnMap":{"1":{"name":"verify","line":9,"loc":{"start":{"line":9,"column":4},"end":{"line":18,"column":4}}}},"statementMap":{"1":{"start":{"line":17,"column":8},"end":{"line":17,"column":19}}},"branchMap":{}},
"contracts/ProofVerifier.sol":{"l":{"29":0,"30":0,"31":0,"32":0,"33":0,"53":0,"55":0,"64":0},"path":"/root/okaswap/contracts/ProofVerifier.sol","s":{"1":0,"2":0,"3":0,"4":0},"b":{"1":[0,0]},"f":{"1":0,"2":0},"fnMap":{"1":{"name":"constructor","line":23,"loc":{"start":{"line":23,"column":4},"end":{"line":34,"column":4}}},"2":{"name":"verify","line":44,"loc":{"start":{"line":44,"column":4},"end":{"line":65,"column":4}}}},"statementMap":{"1":{"start":{"line":29,"column":8},"end":{"line":29,"column":85}},"2":{"start":{"line":53,"column":8},"end":{"line":53,"column":70}},"3":{"start":{"line":55,"column":8},"end":{"line":55,"column":2834}},"4":{"start":{"line":64,"column":8},"end":{"line":64,"column":107}}},"branchMap":{"1":{"line":29,"type":"if","locations":[{"start":{"line":29,"column":8},"end":{"line":29,"column":8}},{"start":{"line":29,"column":8},"end":{"line":29,"column":8}}]}}},
"contracts/Quoter.sol":{"l":{"24":0,"25":0,"27":0,"28":0,"29":0,"30":0,"33":0,"34":0,"35":0,"36":0,"37":0,"38":0,"39":0,"43":0,"46":0},"path":"/root/okaswap/contracts/Quoter.sol","s":{"1":0,"2":0,"3":0,"4":0,"5":0,"6":0,"7":0,"8":0,"9":0},"b":{"1":[0,0],"2":[0,0]},"f":{"1":0},"fnMap":{"1":{"name":"quote","line":18,"loc":{"start":{"line":18,"column":4},"end":{"line":47,"column":4}}}},"statementMap":{"1":{"start":{"line":24,"column":8},"end":{"line":24,"column":26}},"2":{"start":{"line":25,"column":8},"end":{"line":25,"column":41}},"3":{"start":{"line":27,"column":8},"end":{"line":27,"column":1302}},"4":{"start":{"line":28,"column":12},"end":{"line":28,"column":43}},"5":{"start":{"line":29,"column":12},"end":{"line":29,"column":1410}},"6":{"start":{"line":33,"column":12},"end":{"line":33,"column":52}},"7":{"start":{"line":36,"column":12},"end":{"line":36,"column":1666}},"8":{"start":{"line":37,"column":16},"end":{"line":37,"column":1788}},"9":{"start":{"line":46,"column":8},"end":{"line":46,"column":37}}},"branchMap":{"1":{"line":29,"type":"if","locations":[{"start":{"line":29,"column":12},"end":{"line":29,"column":12}},{"start":{"line":29,"column":12},"end":{"line":29,"column":12}}]},"2":{"line":37,"type":"if","locations":[{"start":{"line":37,"column":16},"end":{"line":37,"column":16}},{"start":{"line":37,"column":16},"end":{"line":37,"column":16}}]}}},
"contracts/Relayer.sol":{"l":{"82":3,"83":3,"84":3,"85":3,"87":3,"99":0,"100":0,"106":0,"107":0,"137":0,"138":0,"141":0,"144":0,"152":0,"155":0,"158":0,"166":0,"184":0,"196":0,"204":0,"205":0,"206":0},"path":"/root/okaswap/contracts/Relayer.sol","s":{"1":3,"2":3,"3":0,"4":0,"5":0,"6":0,"7":0,"8":0,"9":0,"10":0,"11":0,"12":0,"13":0,"14":0,"15":0,"16":0},"b":{"1":[3,0],"2":[3,0],"3":[0,0],"4":[0,0],"5":[0,0],"6":[0,0],"7":[0,0],"8":[0,0],"9":[0,0],"10":[0,0],"11":[0,0]},"f":{"1":3,"2":0,"3":0,"4":0,"5":0,"6":0},"fnMap":{"1":{"name":"constructor","line":81,"loc":{"start":{"line":76,"column":4},"end":{"line":90,"column":4}}},"2":{"name":"setRouter","line":98,"loc":{"start":{"line":98,"column":4},"end":{"line":101,"column":4}}},"3":{"name":"setProofVerifier","line":105,"loc":{"start":{"line":105,"column":4},"end":{"line":108,"column":4}}},"4":{"name":"executeSwapWithProof","line":135,"loc":{"start":{"line":126,"column":4},"end":{"line":174,"column":4}}},"5":{"name":"_hash","line":183,"loc":{"start":{"line":183,"column":4},"end":{"line":197,"column":4}}},"6":{"name":"_verify","line":203,"loc":{"start":{"line":203,"column":4},"end":{"line":207,"column":4}}}},"statementMap":{"1":{"start":{"line":82,"column":8},"end":{"line":82,"column":69}},"2":{"start":{"line":83,"column":8},"end":{"line":83,"column":78}},"3":{"start":{"line":99,"column":8},"end":{"line":99,"column":71}},"4":{"start":{"line":106,"column":8},"end":{"line":106,"column":75}},"5":{"start":{"line":137,"column":8},"end":{"line":137,"column":75}},"6":{"start":{"line":138,"column":8},"end":{"line":138,"column":75}},"7":{"start":{"line":141,"column":8},"end":{"line":141,"column":71}},"8":{"start":{"line":144,"column":8},"end":{"line":144,"column":6959}},"9":{"start":{"line":152,"column":8},"end":{"line":152,"column":52}},"10":{"start":{"line":158,"column":8},"end":{"line":158,"column":7386}},"11":{"start":{"line":166,"column":8},"end":{"line":166,"column":7587}},"12":{"start":{"line":184,"column":8},"end":{"line":184,"column":8225}},"13":{"start":{"line":196,"column":8},"end":{"line":196,"column":43}},"14":{"start":{"line":204,"column":8},"end":{"line":204,"column":37}},"15":{"start":{"line":205,"column":8},"end":{"line":205,"column":57}},"16":{"start":{"line":206,"column":8},"end":{"line":206,"column":35}}},"branchMap":{"1":{"line":82,"type":"if","locations":[{"start":{"line":82,"column":8},"end":{"line":82,"column":8}},{"start":{"line":82,"column":8},"end":{"line":82,"column":8}}]},"2":{"line":83,"type":"if","locations":[{"start":{"line":83,"column":8},"end":{"line":83,"column":8}},{"start":{"line":83,"column":8},"end":{"line":83,"column":8}}]},"3":{"line":98,"type":"if","locations":[{"start":{"line":98,"column":51},"end":{"line":98,"column":51}},{"start":{"line":98,"column":51},"end":{"line":98,"column":51}}]},"4":{"line":99,"type":"if","locations":[{"start":{"line":99,"column":8},"end":{"line":99,"column":8}},{"start":{"line":99,"column":8},"end":{"line":99,"column":8}}]},"5":{"line":105,"type":"if","locations":[{"start":{"line":105,"column":60},"end":{"line":105,"column":60}},{"start":{"line":105,"column":60},"end":{"line":105,"column":60}}]},"6":{"line":106,"type":"if","locations":[{"start":{"line":106,"column":8},"end":{"line":106,"column":8}},{"start":{"line":106,"column":8},"end":{"line":106,"column":8}}]},"7":{"line":135,"type":"if","locations":[{"start":{"line":135,"column":15},"end":{"line":135,"column":15}},{"start":{"line":135,"column":15},"end":{"line":135,"column":15}}]},"8":{"line":137,"type":"if","locations":[{"start":{"line":137,"column":8},"end":{"line":137,"column":8}},{"start":{"line":137,"column":8},"end":{"line":137,"column":8}}]},"9":{"line":138,"type":"if","locations":[{"start":{"line":138,"column":8},"end":{"line":138,"column":8}},{"start":{"line":138,"column":8},"end":{"line":138,"column":8}}]},"10":{"line":141,"type":"if","locations":[{"start":{"line":141,"column":8},"end":{"line":141,"column":8}},{"start":{"line":141,"column":8},"end":{"line":141,"column":8}}]},"11":{"line":152,"type":"if","locations":[{"start":{"line":152,"column":8},"end":{"line":152,"column":8}},{"start":{"line":152,"column":8},"end":{"line":152,"column":8}}]}}},
"contracts/Router.sol":{"l":{"25":3,"26":3,"27":3,"28":3,"33":0,"34":0,"39":0,"40":0,"56":0,"57":0,"60":0,"62":0,"65":0,"66":0,"67":0,"70":0,"79":0,"80":0,"81":0,"82":0},"path":"/root/okaswap/contracts/Router.sol","s":{"1":3,"2":3,"3":0,"4":0,"5":0,"6":0,"7":0,"8":0,"9":0,"10":0,"11":0,"12":0,"13":0,"14":0},"b":{"1":[3,0],"2":[3,0],"3":[0,0],"4":[0,0],"5":[0,0],"6":[0,0],"7":[0,0],"8":[0,0],"9":[0,0],"10":[0,0]},"f":{"1":3,"2":0,"3":0,"4":0},"fnMap":{"1":{"name":"constructor","line":24,"loc":{"start":{"line":24,"column":4},"end":{"line":29,"column":4}}},"2":{"name":"setRelayer","line":32,"loc":{"start":{"line":32,"column":4},"end":{"line":35,"column":4}}},"3":{"name":"setDexRouter","line":38,"loc":{"start":{"line":38,"column":4},"end":{"line":41,"column":4}}},"4":{"name":"executeSwap","line":55,"loc":{"start":{"line":49,"column":4},"end":{"line":83,"column":4}}}},"statementMap":{"1":{"start":{"line":25,"column":8},"end":{"line":25,"column":71}},"2":{"start":{"line":26,"column":8},"end":{"line":26,"column":70}},"3":{"start":{"line":33,"column":8},"end":{"line":33,"column":70}},"4":{"start":{"line":39,"column":8},"end":{"line":39,"column":71}},"5":{"start":{"line":56,"column":8},"end":{"line":56,"column":61}},"6":{"start":{"line":57,"column":8},"end":{"line":57,"column":58}},"7":{"start":{"line":60,"column":8},"end":{"line":60,"column":70}},"8":{"start":{"line":62,"column":8},"end":{"line":62,"column":74}},"9":{"start":{"line":65,"column":8},"end":{"line":65,"column":48}},"10":{"start":{"line":70,"column":8},"end":{"line":70,"column":3282}},"11":{"start":{"line":79,"column":8},"end":{"line":79,"column":73}},"12":{"start":{"line":80,"column":8},"end":{"line":80,"column":76}},"13":{"start":{"line":81,"column":8},"end":{"line":81,"column":57}},"14":{"start":{"line":82,"column":8},"end":{"line":82,"column":28}}},"branchMap":{"1":{"line":25,"type":"if","locations":[{"start":{"line":25,"column":8},"end":{"line":25,"column":8}},{"start":{"line":25,"column":8},"end":{"line":25,"column":8}}]},"2":{"line":26,"type":"if","locations":[{"start":{"line":26,"column":8},"end":{"line":26,"column":8}},{"start":{"line":26,"column":8},"end":{"line":26,"column":8}}]},"3":{"line":32,"type":"if","locations":[{"start":{"line":32,"column":51},"end":{"line":32,"column":51}},{"start":{"line":32,"column":51},"end":{"line":32,"column":51}}]},"4":{"line":33,"type":"if","locations":[{"start":{"line":33,"column":8},"end":{"line":33,"column":8}},{"start":{"line":33,"column":8},"end":{"line":33,"column":8}}]},"5":{"line":38,"type":"if","locations":[{"start":{"line":38,"column":55},"end":{"line":38,"column":55}},{"start":{"line":38,"column":55},"end":{"line":38,"column":55}}]},"6":{"line":39,"type":"if","locations":[{"start":{"line":39,"column":8},"end":{"line":39,"column":8}},{"start":{"line":39,"column":8},"end":{"line":39,"column":8}}]},"7":{"line":55,"type":"if","locations":[{"start":{"line":55,"column":15},"end":{"line":55,"column":15}},{"start":{"line":55,"column":15},"end":{"line":55,"column":15}}]},"8":{"line":56,"type":"if","locations":[{"start":{"line":56,"column":8},"end":{"line":56,"column":8}},{"start":{"line":56,"column":8},"end":{"line":56,"column":8}}]},"9":{"line":57,"type":"if","locations":[{"start":{"line":57,"column":8},"end":{"line":57,"column":8}},{"start":{"line":57,"column":8},"end":{"line":57,"column":8}}]},"10":{"line":80,"type":"if","locations":[{"start":{"line":80,"column":8},"end":{"line":80,"column":8}},{"start":{"line":80,"column":8},"end":{"line":80,"column":8}}]}}}}
