TN:
SF:/root/okaswap/contracts/interfaces/IUniswapV2Router02.sol
FNF:0
FNH:0
LF:0
LH:0
BRF:0
BRH:0
end_of_record
TN:
SF:/root/okaswap/contracts/interfaces/IVerifyProofAggregation.sol
FNF:0
FNH:0
LF:0
LH:0
BRF:0
BRH:0
end_of_record
TN:
SF:/root/okaswap/contracts/mocks/MockProofVerifier.sol
FN:9,verify
FNF:1
FNH:0
FNDA:0,verify
DA:17,0
LF:1
LH:0
BRF:0
BRH:0
end_of_record
TN:
SF:/root/okaswap/contracts/ProofVerifier.sol
FN:23,constructor
FN:44,verify
FNF:2
FNH:0
FNDA:0,constructor
FNDA:0,verify
DA:29,0
DA:30,0
DA:31,0
DA:32,0
DA:33,0
DA:53,0
DA:55,0
DA:64,0
LF:8
LH:0
BRDA:29,1,0,0
BRDA:29,1,1,0
BRF:2
BRH:0
end_of_record
TN:
SF:/root/okaswap/contracts/Quoter.sol
FN:18,quote
FNF:1
FNH:0
FNDA:0,quote
DA:24,0
DA:25,0
DA:27,0
DA:28,0
DA:29,0
DA:30,0
DA:33,0
DA:34,0
DA:35,0
DA:36,0
DA:37,0
DA:38,0
DA:39,0
DA:43,0
DA:46,0
LF:15
LH:0
BRDA:29,1,0,0
BRDA:29,1,1,0
BRDA:37,2,0,0
BRDA:37,2,1,0
BRF:4
BRH:0
end_of_record
TN:
SF:/root/okaswap/contracts/Relayer.sol
FN:81,constructor
FN:98,setRouter
FN:105,setProofVerifier
FN:135,executeSwapWithProof
FN:183,_hash
FN:203,_verify
FNF:6
FNH:1
FNDA:3,constructor
FNDA:0,setRouter
FNDA:0,setProofVerifier
FNDA:0,executeSwapWithProof
FNDA:0,_hash
FNDA:0,_verify
DA:82,3
DA:83,3
DA:84,3
DA:85,3
DA:87,3
DA:99,0
DA:100,0
DA:106,0
DA:107,0
DA:137,0
DA:138,0
DA:141,0
DA:144,0
DA:152,0
DA:155,0
DA:158,0
DA:166,0
DA:184,0
DA:196,0
DA:204,0
DA:205,0
DA:206,0
LF:22
LH:5
BRDA:82,1,0,3
BRDA:82,1,1,0
BRDA:83,2,0,3
BRDA:83,2,1,0
BRDA:98,3,0,0
BRDA:98,3,1,0
BRDA:99,4,0,0
BRDA:99,4,1,0
BRDA:105,5,0,0
BRDA:105,5,1,0
BRDA:106,6,0,0
BRDA:106,6,1,0
BRDA:135,7,0,0
BRDA:135,7,1,0
BRDA:137,8,0,0
BRDA:137,8,1,0
BRDA:138,9,0,0
BRDA:138,9,1,0
BRDA:141,10,0,0
BRDA:141,10,1,0
BRDA:152,11,0,0
BRDA:152,11,1,0
BRF:22
BRH:2
end_of_record
TN:
SF:/root/okaswap/contracts/Router.sol
FN:24,constructor
FN:32,setRelayer
FN:38,setDexRouter
FN:55,executeSwap
FNF:4
FNH:1
FNDA:3,constructor
FNDA:0,setRelayer
FNDA:0,setDexRouter
FNDA:0,executeSwap
DA:25,3
DA:26,3
DA:27,3
DA:28,3
DA:33,0
DA:34,0
DA:39,0
DA:40,0
DA:56,0
DA:57,0
DA:60,0
DA:62,0
DA:65,0
DA:66,0
DA:67,0
DA:70,0
DA:79,0
DA:80,0
DA:81,0
DA:82,0
LF:20
LH:4
BRDA:25,1,0,3
BRDA:25,1,1,0
BRDA:26,2,0,3
BRDA:26,2,1,0
BRDA:32,3,0,0
BRDA:32,3,1,0
BRDA:33,4,0,0
BRDA:33,4,1,0
BRDA:38,5,0,0
BRDA:38,5,1,0
BRDA:39,6,0,0
BRDA:39,6,1,0
BRDA:55,7,0,0
BRDA:55,7,1,0
BRDA:56,8,0,0
BRDA:56,8,1,0
BRDA:57,9,0,0
BRDA:57,9,1,0
BRDA:80,10,0,0
BRDA:80,10,1,0
BRF:20
BRH:2
end_of_record
